Command: /opt/spark/work-dir/scripts/train.py --master spark://spark-master:7077 --data /opt/spark/work-dir/data/FRACTAL --num-executors 4 --fraction 0.05 --executor-cores 2 --executor-memory 7 --driver-memory 1 --enable-stage-metrics --output /opt/spark/work-dir/results --event-log-dir /opt/spark/spark-events
============================================================

2025-11-13 09:12:31 - INFO - Logging to: /opt/spark/spark-events/fractal-rf-e7g-x4-f0.05_20251113_091231.log
2025-11-13 09:12:31 - INFO - Starting single training run
2025-11-13 09:12:31 - INFO - Creating Spark session: fractal-rf-e7g-x4-f0.05
2025-11-13 09:12:31 - INFO - Spark master: spark://spark-master:7077
2025-11-13 09:12:31 - INFO - Stage metrics enabled
2025-11-13 09:12:32 - INFO - Spark session created successfully : executors=4, cores=2, memory=7g, fraction=0.05
2025-11-13 09:12:32 - INFO - Loading datasets
2025-11-13 09:12:32 - INFO - Loading data from /opt/spark/work-dir/data/FRACTAL/train/ with fraction=0.05
2025-11-13 09:12:41 - INFO - Loading 4000/80000 files (5.0%)
2025-11-13 09:12:49 - INFO - Loaded 248515837 rows, partitions: 103
2025-11-13 09:12:49 - INFO - Loading data from /opt/spark/work-dir/data/FRACTAL/val/ with fraction=0.05
2025-11-13 09:12:51 - INFO - Loading 500/10000 files (5.0%)
2025-11-13 09:12:51 - INFO - Loaded 29591154 rows, partitions: 13
2025-11-13 09:12:51 - INFO - Loading data from /opt/spark/work-dir/data/FRACTAL/test/ with fraction=0.05
2025-11-13 09:12:52 - INFO - Loading 500/10000 files (5.0%)
2025-11-13 09:12:53 - INFO - Loaded 40674645 rows, partitions: 15
2025-11-13 09:12:54 - INFO - Train: 248515837, Val: 29591154, Test: 40674645, Partitions: 103, Rows/partition: 2412775
2025-11-13 09:12:54 - INFO - Training model
2025-11-13 09:30:03 - INFO - Training completed: 1028.59s
2025-11-13 09:33:30 - INFO - Validation accuracy: 0.8056
2025-11-13 09:36:40 - INFO - Test accuracy: 0.7919
2025-11-13 09:36:40 - INFO - Total time: 1447.85s
2025-11-13 09:36:40 - INFO - Results saved to /opt/spark/work-dir/results/fractal-rf-e7g-x4-f0.05.json
2025-11-13 09:36:41 - INFO - Spark session stopped
