Command: /opt/spark/work-dir/scripts/train.py --master spark://spark-master:7077 --data /opt/spark/work-dir/data/FRACTAL --num-executors 4 --fraction 0.01 --executor-cores 2 --executor-memory 7 --driver-memory 1 --enable-stage-metrics --output /opt/spark/work-dir/results --event-log-dir /opt/spark/spark-events
============================================================

2025-11-13 09:06:17 - INFO - Logging to: /opt/spark/spark-events/fractal-rf-e7g-x4-f0.01_20251113_090617.log
2025-11-13 09:06:17 - INFO - Starting single training run
2025-11-13 09:06:17 - INFO - Creating Spark session: fractal-rf-e7g-x4-f0.01
2025-11-13 09:06:17 - INFO - Spark master: spark://spark-master:7077
2025-11-13 09:06:17 - INFO - Stage metrics enabled
2025-11-13 09:06:18 - INFO - Spark session created successfully : executors=4, cores=2, memory=7g, fraction=0.01
2025-11-13 09:06:18 - INFO - Loading datasets
2025-11-13 09:06:18 - INFO - Loading data from /opt/spark/work-dir/data/FRACTAL/train/ with fraction=0.01
2025-11-13 09:06:26 - INFO - Loading 800/80000 files (1.0%)
2025-11-13 09:06:31 - INFO - Loaded 59109292 rows, partitions: 23
2025-11-13 09:06:31 - INFO - Loading data from /opt/spark/work-dir/data/FRACTAL/val/ with fraction=0.01
2025-11-13 09:06:32 - INFO - Loading 100/10000 files (1.0%)
2025-11-13 09:06:32 - INFO - Loaded 7015284 rows, partitions: 8
2025-11-13 09:06:32 - INFO - Loading data from /opt/spark/work-dir/data/FRACTAL/test/ with fraction=0.01
2025-11-13 09:06:33 - INFO - Loading 100/10000 files (1.0%)
2025-11-13 09:06:34 - INFO - Loaded 11836835 rows, partitions: 8
2025-11-13 09:06:34 - INFO - Train: 59109292, Val: 7015284, Test: 11836835, Partitions: 23, Rows/partition: 2569969
2025-11-13 09:06:34 - INFO - Training model
2025-11-13 09:10:55 - INFO - Training completed: 260.52s
2025-11-13 09:11:32 - INFO - Validation accuracy: 0.8090
2025-11-13 09:12:30 - INFO - Test accuracy: 0.7715
2025-11-13 09:12:30 - INFO - Total time: 372.19s
2025-11-13 09:12:30 - INFO - Results saved to /opt/spark/work-dir/results/fractal-rf-e7g-x4-f0.01.json
2025-11-13 09:12:30 - INFO - Spark session stopped
