Command: /opt/spark/work-dir/scripts/train.py --master spark://spark-master:7077 --data /opt/spark/work-dir/data/FRACTAL --num-executors 4 --fraction 0.07 --executor-cores 2 --executor-memory 7 --driver-memory 1 --enable-stage-metrics --output /opt/spark/work-dir/results --event-log-dir /opt/spark/spark-events
============================================================

2025-11-13 09:36:42 - INFO - Logging to: /opt/spark/spark-events/fractal-rf-e7g-x4-f0.07_20251113_093642.log
2025-11-13 09:36:42 - INFO - Starting single training run
2025-11-13 09:36:42 - INFO - Creating Spark session: fractal-rf-e7g-x4-f0.07
2025-11-13 09:36:42 - INFO - Spark master: spark://spark-master:7077
2025-11-13 09:36:42 - INFO - Stage metrics enabled
2025-11-13 09:36:43 - INFO - Spark session created successfully : executors=4, cores=2, memory=7g, fraction=0.07
2025-11-13 09:36:43 - INFO - Loading datasets
2025-11-13 09:36:43 - INFO - Loading data from /opt/spark/work-dir/data/FRACTAL/train/ with fraction=0.07
2025-11-13 09:36:52 - INFO - Loading 5600/80000 files (7.0%)
2025-11-13 09:37:01 - INFO - Loaded 343594612 rows, partitions: 144
2025-11-13 09:37:01 - INFO - Loading data from /opt/spark/work-dir/data/FRACTAL/val/ with fraction=0.07
2025-11-13 09:37:02 - INFO - Loading 700/10000 files (7.0%)
2025-11-13 09:37:04 - INFO - Loaded 41677074 rows, partitions: 18
2025-11-13 09:37:04 - INFO - Loading data from /opt/spark/work-dir/data/FRACTAL/test/ with fraction=0.07
2025-11-13 09:37:05 - INFO - Loading 700/10000 files (7.0%)
2025-11-13 09:37:05 - INFO - Loaded 52920335 rows, partitions: 20
2025-11-13 09:37:07 - INFO - Train: 343594612, Val: 41677074, Test: 52920335, Partitions: 144, Rows/partition: 2386074
2025-11-13 09:37:07 - INFO - Training model
2025-11-13 10:01:34 - INFO - Training completed: 1466.95s
2025-11-13 10:05:03 - INFO - Validation accuracy: 0.8013
2025-11-13 10:09:35 - INFO - Test accuracy: 0.7925
2025-11-13 10:09:35 - INFO - Total time: 1972.11s
2025-11-13 10:09:35 - INFO - Results saved to /opt/spark/work-dir/results/fractal-rf-e7g-x4-f0.07.json
2025-11-13 10:09:35 - INFO - Spark session stopped
