Command: /opt/spark/work-dir/scripts/train.py --master spark://spark-master:7077 --data /opt/spark/work-dir/data/FRACTAL --num-executors 2 --fraction 0.2 --executor-cores 2 --executor-memory 7 --driver-memory 1 --enable-stage-metrics --output /opt/spark/work-dir/results
============================================================

2025-11-11 23:52:12 - INFO - Logging to: /opt/spark/spark-events/fractal-rf-e7g-x2-f0.2_20251111_235212.log
2025-11-11 23:52:12 - INFO - Starting single training run
2025-11-11 23:52:12 - INFO - Creating Spark session: fractal-rf-e7g-x2-f0.2
2025-11-11 23:52:12 - INFO - Spark master: spark://spark-master:7077
2025-11-11 23:52:12 - INFO - Stage metrics enabled
2025-11-11 23:52:12 - INFO - Spark session created successfully : executors=2, cores=2, memory=7g, fraction=0.2
2025-11-11 23:52:12 - INFO - Loading datasets
2025-11-11 23:52:12 - INFO - Loading data from /opt/spark/work-dir/data/FRACTAL/train/ with fraction=0.2
2025-11-11 23:52:21 - INFO - Loading 16000/80000 files (20.0%)
2025-11-11 23:52:33 - INFO - Loaded 1201961027 rows, final partitions: 445
2025-11-11 23:52:33 - INFO - Loading data from /opt/spark/work-dir/data/FRACTAL/val/ with fraction=0.2
2025-11-11 23:52:34 - INFO - Loading 2000/10000 files (20.0%)
2025-11-11 23:52:35 - INFO - Loaded 151271518 rows, final partitions: 56
2025-11-11 23:52:35 - INFO - Loading data from /opt/spark/work-dir/data/FRACTAL/test/ with fraction=0.2
2025-11-11 23:52:36 - INFO - Loading 2000/10000 files (20.0%)
2025-11-11 23:52:37 - INFO - Loaded 132641697 rows, final partitions: 53
2025-11-11 23:52:39 - INFO - Train: 1201961027, Val: 151271518, Test: 132641697, Partitions: 445
2025-11-11 23:52:39 - INFO - Training model
2025-11-12 00:53:11 - INFO - Training completed: 3631.97s
2025-11-12 01:01:16 - INFO - Validation accuracy: 0.7562
2025-11-12 01:08:22 - INFO - Test accuracy: 0.7801
2025-11-12 01:08:22 - INFO - Total time: 4569.38s
2025-11-12 01:08:22 - INFO - Results saved to /opt/spark/work-dir/results/fractal-rf-e7g-x2-f0.2.json
2025-11-12 01:08:22 - INFO - Spark session stopped
