Command: /opt/spark/work-dir/scripts/train.py --master spark://spark-master:7077 --data /opt/spark/work-dir/data/FRACTAL --num-executors 1 --fraction 0.2 --executor-cores 2 --executor-memory 7 --driver-memory 1 --enable-stage-metrics --output /opt/spark/work-dir/results
============================================================

2025-11-11 21:48:48 - INFO - Logging to: /opt/spark/spark-events/fractal-rf-e7g-x1-f0.2_20251111_214848.log
2025-11-11 21:48:48 - INFO - Starting single training run
2025-11-11 21:48:48 - INFO - Creating Spark session: fractal-rf-e7g-x1-f0.2
2025-11-11 21:48:48 - INFO - Spark master: spark://spark-master:7077
2025-11-11 21:48:48 - INFO - Stage metrics enabled
2025-11-11 21:48:49 - INFO - Spark session created successfully : executors=1, cores=2, memory=7g, fraction=0.2
2025-11-11 21:48:49 - INFO - Loading datasets
2025-11-11 21:48:49 - INFO - Loading data from /opt/spark/work-dir/data/FRACTAL/train/ with fraction=0.2
2025-11-11 21:48:57 - INFO - Loading 16000/80000 files (20.0%)
2025-11-11 21:49:09 - INFO - Loaded 1201961027 rows, final partitions: 445
2025-11-11 21:49:09 - INFO - Loading data from /opt/spark/work-dir/data/FRACTAL/val/ with fraction=0.2
2025-11-11 21:49:10 - INFO - Loading 2000/10000 files (20.0%)
2025-11-11 21:49:12 - INFO - Loaded 151271518 rows, final partitions: 56
2025-11-11 21:49:12 - INFO - Loading data from /opt/spark/work-dir/data/FRACTAL/test/ with fraction=0.2
2025-11-11 21:49:13 - INFO - Loading 2000/10000 files (20.0%)
2025-11-11 21:49:14 - INFO - Loaded 132641697 rows, final partitions: 53
2025-11-11 21:49:16 - INFO - Train: 1201961027, Val: 151271518, Test: 132641697, Partitions: 445
2025-11-11 21:49:16 - INFO - Training model
2025-11-11 22:45:48 - INFO - Training completed: 3392.05s
2025-11-11 22:53:51 - INFO - Validation accuracy: 0.7562
2025-11-11 23:00:56 - INFO - Test accuracy: 0.7801
2025-11-11 23:00:56 - INFO - Total time: 4326.83s
2025-11-11 23:00:56 - INFO - Results saved to /opt/spark/work-dir/results/fractal-rf-e7g-x1-f0.2.json
2025-11-11 23:00:56 - INFO - Spark session stopped
