Command: /opt/spark/work-dir/scripts/train.py --master spark://spark-master:7077 --data /opt/spark/work-dir/data/FRACTAL --num-executors 1 --fraction 0.01 --executor-cores 2 --executor-memory 7 --driver-memory 1 --enable-stage-metrics --output /opt/spark/work-dir/results
============================================================

2025-11-11 20:55:51 - INFO - Logging to: /opt/spark/spark-events/fractal-rf-e7g-x1-f0.01_20251111_205551.log
2025-11-11 20:55:51 - INFO - Starting single training run
2025-11-11 20:55:51 - INFO - Creating Spark session: fractal-rf-e7g-x1-f0.01
2025-11-11 20:55:51 - INFO - Spark master: spark://spark-master:7077
2025-11-11 20:55:51 - INFO - Stage metrics enabled
2025-11-11 20:55:52 - INFO - Spark session created successfully : executors=1, cores=2, memory=7g, fraction=0.01
2025-11-11 20:55:52 - INFO - Loading datasets
2025-11-11 20:55:52 - INFO - Loading data from /opt/spark/work-dir/data/FRACTAL/train/ with fraction=0.01
2025-11-11 20:56:01 - INFO - Loading 800/80000 files (1.0%)
2025-11-11 20:56:05 - INFO - Loaded 59109292 rows, final partitions: 23
2025-11-11 20:56:05 - INFO - Loading data from /opt/spark/work-dir/data/FRACTAL/val/ with fraction=0.01
2025-11-11 20:56:06 - INFO - Loading 100/10000 files (1.0%)
2025-11-11 20:56:07 - INFO - Loaded 7015284 rows, final partitions: 8
2025-11-11 20:56:07 - INFO - Loading data from /opt/spark/work-dir/data/FRACTAL/test/ with fraction=0.01
2025-11-11 20:56:08 - INFO - Loading 100/10000 files (1.0%)
2025-11-11 20:56:08 - INFO - Loaded 11836835 rows, final partitions: 8
2025-11-11 20:56:08 - INFO - Train: 59109292, Val: 7015284, Test: 11836835, Partitions: 23
2025-11-11 20:56:09 - INFO - Training model
2025-11-11 20:59:03 - INFO - Training completed: 174.03s
2025-11-11 20:59:58 - INFO - Validation accuracy: 0.8094
2025-11-11 21:01:13 - INFO - Test accuracy: 0.7701
2025-11-11 21:01:13 - INFO - Total time: 321.04s
2025-11-11 21:01:13 - INFO - Results saved to /opt/spark/work-dir/results/fractal-rf-e7g-x1-f0.01.json
2025-11-11 21:01:13 - INFO - Spark session stopped
