Command: /opt/spark/work-dir/scripts/train.py --master spark://spark-master:7077 --data /opt/spark/work-dir/data/FRACTAL --num-executors 4 --fraction 0.1 --executor-cores 2 --executor-memory 7 --driver-memory 1 --enable-stage-metrics --output /opt/spark/work-dir/results
============================================================

2025-11-11 18:24:06 - INFO - Logging to: /opt/spark/spark-events/fractal-rf-e7g-x4-f0.1_20251111_182406.log
2025-11-11 18:24:06 - INFO - Starting single training run
2025-11-11 18:24:06 - INFO - Creating Spark session: fractal-rf-e7g-x4-f0.1
2025-11-11 18:24:06 - INFO - Spark master: spark://spark-master:7077
2025-11-11 18:24:06 - INFO - Stage metrics enabled
2025-11-11 18:24:07 - INFO - Spark session created successfully : executors=4, cores=2, memory=7g, fraction=0.1
2025-11-11 18:24:07 - INFO - Loading datasets
2025-11-11 18:24:07 - INFO - Loading data from /opt/spark/work-dir/data/FRACTAL/train/ with fraction=0.1
2025-11-11 18:24:16 - INFO - Loading 8000/80000 files (10.0%)
2025-11-11 18:24:26 - INFO - Loaded 491467368 rows
2025-11-11 18:24:26 - INFO - Loading data from /opt/spark/work-dir/data/FRACTAL/val/ with fraction=0.1
2025-11-11 18:24:27 - INFO - Loading 1000/10000 files (10.0%)
2025-11-11 18:24:28 - INFO - Loaded 61748129 rows
2025-11-11 18:24:28 - INFO - Loading data from /opt/spark/work-dir/data/FRACTAL/test/ with fraction=0.1
2025-11-11 18:24:29 - INFO - Loading 1000/10000 files (10.0%)
2025-11-11 18:24:30 - INFO - Loaded 70983222 rows
2025-11-11 18:24:31 - INFO - Train: 491467368, Val: 61748129, Test: 70983222, Partitions: 206
2025-11-11 18:24:31 - INFO - Training model
2025-11-11 18:47:37 - INFO - Training completed: 1385.73s
2025-11-11 18:51:14 - INFO - Validation accuracy: 0.8009
2025-11-11 18:55:22 - INFO - Test accuracy: 0.7889
2025-11-11 18:55:22 - INFO - Total time: 1874.64s
2025-11-11 18:55:22 - INFO - Results saved to /opt/spark/work-dir/results/fractal-rf-e7g-x4-f0.1.json
2025-11-11 18:55:22 - INFO - Spark session stopped
