Command: /opt/spark/work-dir/scripts/train.py --master spark://spark-master:7077 --data /opt/spark/work-dir/data/FRACTAL --num-executors 1 --fraction 0.01 --executor-cores 2 --executor-memory 7 --driver-memory 1 --enable-stage-metrics --output /opt/spark/work-dir/results
============================================================

2025-11-11 16:07:05 - INFO - Logging to: /opt/spark/spark-events/fractal-rf-e7g-x1-f0.01_20251111_160705.log
2025-11-11 16:07:05 - INFO - Starting single training run
2025-11-11 16:07:05 - INFO - Creating Spark session: fractal-rf-e7g-x1-f0.01
2025-11-11 16:07:05 - INFO - Spark master: spark://spark-master:7077
2025-11-11 16:07:05 - INFO - Stage metrics enabled
2025-11-11 16:07:06 - INFO - Spark session created successfully : executors=1, cores=2, memory=7g, fraction=0.01
2025-11-11 16:07:06 - INFO - Loading datasets
2025-11-11 16:07:06 - INFO - Loading data from /opt/spark/work-dir/data/FRACTAL/train/ with fraction=0.01
2025-11-11 16:07:15 - INFO - Loading 800/80000 files (1.0%)
2025-11-11 16:07:19 - INFO - Loaded 59109292 rows
2025-11-11 16:07:19 - INFO - Loading data from /opt/spark/work-dir/data/FRACTAL/val/ with fraction=0.01
2025-11-11 16:07:20 - INFO - Loading 100/10000 files (1.0%)
2025-11-11 16:07:21 - INFO - Loaded 7015284 rows
2025-11-11 16:07:21 - INFO - Loading data from /opt/spark/work-dir/data/FRACTAL/test/ with fraction=0.01
2025-11-11 16:07:22 - INFO - Loading 100/10000 files (1.0%)
2025-11-11 16:07:22 - INFO - Loaded 11836835 rows
2025-11-11 16:07:23 - INFO - Train: 59109292, Val: 7015284, Test: 11836835, Partitions: 23
2025-11-11 16:07:23 - INFO - Training model
2025-11-11 16:10:18 - INFO - Training completed: 175.11s
2025-11-11 16:11:04 - INFO - Validation accuracy: 0.8094
2025-11-11 16:12:19 - INFO - Test accuracy: 0.7701
2025-11-11 16:12:19 - INFO - Total time: 312.73s
2025-11-11 16:12:19 - INFO - Results saved to /opt/spark/work-dir/results/fractal-rf-e7g-x1-f0.01.json
2025-11-11 16:12:19 - INFO - Spark session stopped
