Command: /opt/spark/work-dir/scripts/train.py --master spark://spark-master:7077 --data /opt/spark/work-dir/data/FRACTAL --num-executors 1 --fraction 0.1 --executor-cores 2 --executor-memory 7 --driver-memory 1 --enable-stage-metrics --output /opt/spark/work-dir/results
============================================================

2025-11-11 16:33:17 - INFO - Logging to: /opt/spark/spark-events/fractal-rf-e7g-x1-f0.1_20251111_163317.log
2025-11-11 16:33:17 - INFO - Starting single training run
2025-11-11 16:33:17 - INFO - Creating Spark session: fractal-rf-e7g-x1-f0.1
2025-11-11 16:33:17 - INFO - Spark master: spark://spark-master:7077
2025-11-11 16:33:17 - INFO - Stage metrics enabled
2025-11-11 16:33:18 - INFO - Spark session created successfully : executors=1, cores=2, memory=7g, fraction=0.1
2025-11-11 16:33:18 - INFO - Loading datasets
2025-11-11 16:33:18 - INFO - Loading data from /opt/spark/work-dir/data/FRACTAL/train/ with fraction=0.1
2025-11-11 16:33:27 - INFO - Loading 8000/80000 files (10.0%)
2025-11-11 16:33:37 - INFO - Loaded 491467368 rows
2025-11-11 16:33:37 - INFO - Loading data from /opt/spark/work-dir/data/FRACTAL/val/ with fraction=0.1
2025-11-11 16:33:38 - INFO - Loading 1000/10000 files (10.0%)
2025-11-11 16:33:38 - INFO - Loaded 61748129 rows
2025-11-11 16:33:38 - INFO - Loading data from /opt/spark/work-dir/data/FRACTAL/test/ with fraction=0.1
2025-11-11 16:33:40 - INFO - Loading 1000/10000 files (10.0%)
2025-11-11 16:33:40 - INFO - Loaded 70983222 rows
2025-11-11 16:33:42 - INFO - Train: 491467368, Val: 61748129, Test: 70983222, Partitions: 206
2025-11-11 16:33:42 - INFO - Training model
2025-11-11 16:57:34 - INFO - Training completed: 1432.26s
2025-11-11 17:01:22 - INFO - Validation accuracy: 0.8009
2025-11-11 17:05:37 - INFO - Test accuracy: 0.7889
2025-11-11 17:05:37 - INFO - Total time: 1938.80s
2025-11-11 17:05:37 - INFO - Results saved to /opt/spark/work-dir/results/fractal-rf-e7g-x1-f0.1.json
2025-11-11 17:05:37 - INFO - Spark session stopped
