Command: /opt/spark/work-dir/scripts/train.py --master spark://spark-master:7077 --data /opt/spark/work-dir/data/FRACTAL --num-executors 2 --fraction 0.1 --executor-cores 2 --executor-memory 7 --driver-memory 1 --enable-stage-metrics --output /opt/spark/work-dir/results
============================================================

2025-11-11 17:28:23 - INFO - Logging to: /opt/spark/spark-events/fractal-rf-e7g-x2-f0.1_20251111_172823.log
2025-11-11 17:28:23 - INFO - Starting single training run
2025-11-11 17:28:23 - INFO - Creating Spark session: fractal-rf-e7g-x2-f0.1
2025-11-11 17:28:23 - INFO - Spark master: spark://spark-master:7077
2025-11-11 17:28:23 - INFO - Stage metrics enabled
2025-11-11 17:28:23 - INFO - Spark session created successfully : executors=2, cores=2, memory=7g, fraction=0.1
2025-11-11 17:28:23 - INFO - Loading datasets
2025-11-11 17:28:23 - INFO - Loading data from /opt/spark/work-dir/data/FRACTAL/train/ with fraction=0.1
2025-11-11 17:28:33 - INFO - Loading 8000/80000 files (10.0%)
2025-11-11 17:28:43 - INFO - Loaded 491467368 rows
2025-11-11 17:28:43 - INFO - Loading data from /opt/spark/work-dir/data/FRACTAL/val/ with fraction=0.1
2025-11-11 17:28:44 - INFO - Loading 1000/10000 files (10.0%)
2025-11-11 17:28:44 - INFO - Loaded 61748129 rows
2025-11-11 17:28:44 - INFO - Loading data from /opt/spark/work-dir/data/FRACTAL/test/ with fraction=0.1
2025-11-11 17:28:45 - INFO - Loading 1000/10000 files (10.0%)
2025-11-11 17:28:46 - INFO - Loaded 70983222 rows
2025-11-11 17:28:48 - INFO - Train: 491467368, Val: 61748129, Test: 70983222, Partitions: 206
2025-11-11 17:28:48 - INFO - Training model
2025-11-11 17:53:19 - INFO - Training completed: 1471.62s
2025-11-11 17:57:03 - INFO - Validation accuracy: 0.8009
2025-11-11 18:01:12 - INFO - Test accuracy: 0.7889
2025-11-11 18:01:12 - INFO - Total time: 1969.07s
2025-11-11 18:01:12 - INFO - Results saved to /opt/spark/work-dir/results/fractal-rf-e7g-x2-f0.1.json
2025-11-11 18:01:13 - INFO - Spark session stopped
