Command: /opt/spark/work-dir/scripts/train.py --master spark://spark-master:7077 --data /opt/spark/work-dir/data/FRACTAL --num-executors 4 --fraction 0.01 --executor-cores 2 --executor-memory 7 --driver-memory 1 --enable-stage-metrics --output /opt/spark/work-dir/results
============================================================

2025-11-11 18:01:21 - INFO - Logging to: /opt/spark/spark-events/fractal-rf-e7g-x4-f0.01_20251111_180121.log
2025-11-11 18:01:21 - INFO - Starting single training run
2025-11-11 18:01:21 - INFO - Creating Spark session: fractal-rf-e7g-x4-f0.01
2025-11-11 18:01:21 - INFO - Spark master: spark://spark-master:7077
2025-11-11 18:01:21 - INFO - Stage metrics enabled
2025-11-11 18:01:22 - INFO - Spark session created successfully : executors=4, cores=2, memory=7g, fraction=0.01
2025-11-11 18:01:22 - INFO - Loading datasets
2025-11-11 18:01:22 - INFO - Loading data from /opt/spark/work-dir/data/FRACTAL/train/ with fraction=0.01
2025-11-11 18:01:31 - INFO - Loading 800/80000 files (1.0%)
2025-11-11 18:01:36 - INFO - Loaded 59109292 rows
2025-11-11 18:01:36 - INFO - Loading data from /opt/spark/work-dir/data/FRACTAL/val/ with fraction=0.01
2025-11-11 18:01:37 - INFO - Loading 100/10000 files (1.0%)
2025-11-11 18:01:37 - INFO - Loaded 7015284 rows
2025-11-11 18:01:37 - INFO - Loading data from /opt/spark/work-dir/data/FRACTAL/test/ with fraction=0.01
2025-11-11 18:01:38 - INFO - Loading 100/10000 files (1.0%)
2025-11-11 18:01:38 - INFO - Loaded 11836835 rows
2025-11-11 18:01:39 - INFO - Train: 59109292, Val: 7015284, Test: 11836835, Partitions: 23
2025-11-11 18:01:39 - INFO - Training model
2025-11-11 18:04:38 - INFO - Training completed: 179.35s
2025-11-11 18:05:22 - INFO - Validation accuracy: 0.8094
2025-11-11 18:06:42 - INFO - Test accuracy: 0.7701
2025-11-11 18:06:42 - INFO - Total time: 319.99s
2025-11-11 18:06:42 - INFO - Results saved to /opt/spark/work-dir/results/fractal-rf-e7g-x4-f0.01.json
2025-11-11 18:06:42 - INFO - Spark session stopped
