Command: /opt/spark/work-dir/scripts/train.py --master spark://spark-master:7077 --data /opt/spark/work-dir/data/FRACTAL --executor-cores 2 --num-executors 2 --executor-memory 7 --driver-memory 1 --fraction 0.01 --enable-stage-metrics --output /opt/spark/work-dir/results
============================================================

2025-11-11 12:48:45 - INFO - Logging to: /opt/spark/spark-events/fractal-rf-e7g-x2-f0.01_20251111_124845.log
2025-11-11 12:48:45 - INFO - Starting single training run
2025-11-11 12:48:45 - INFO - Creating Spark session: fractal-rf-e7g-x2-f0.01
2025-11-11 12:48:45 - INFO - Spark master: spark://spark-master:7077
2025-11-11 12:48:45 - INFO - Stage metrics enabled
2025-11-11 12:48:46 - INFO - Spark session created successfully : executors=2, cores=2, memory=7g, fraction=0.01
2025-11-11 12:48:46 - INFO - Loading datasets
2025-11-11 12:48:46 - INFO - Loading data from /opt/spark/work-dir/data/FRACTAL/train/ with fraction=0.01
2025-11-11 12:48:55 - INFO - Loading 800/80000 files (1.0%)
2025-11-11 12:48:59 - INFO - Loaded 59109292 rows
2025-11-11 12:48:59 - INFO - Loading data from /opt/spark/work-dir/data/FRACTAL/val/ with fraction=0.01
2025-11-11 12:49:00 - INFO - Loading 100/10000 files (1.0%)
2025-11-11 12:49:00 - INFO - Loaded 7015284 rows
2025-11-11 12:49:00 - INFO - Loading data from /opt/spark/work-dir/data/FRACTAL/test/ with fraction=0.01
2025-11-11 12:49:01 - INFO - Loading 100/10000 files (1.0%)
2025-11-11 12:49:01 - INFO - Loaded 11836835 rows
2025-11-11 12:49:02 - INFO - Train: 59109292, Val: 7015284, Test: 11836835, Partitions: 23
2025-11-11 12:49:02 - INFO - Training model
2025-11-11 12:53:56 - INFO - Training completed: 294.42s
2025-11-11 12:54:32 - INFO - Validation accuracy: 0.8094
2025-11-11 12:55:23 - INFO - Test accuracy: 0.7701
2025-11-11 12:55:23 - INFO - Total time: 397.14s
2025-11-11 12:55:23 - INFO - Results saved to /opt/spark/work-dir/results/fractal-rf-e7g-x2-f0.01.json
2025-11-11 12:55:24 - INFO - Spark session stopped
