Command: /opt/spark/work-dir/scripts/train.py --master spark://spark-master:7077 --data /opt/spark/work-dir/data/FRACTAL --num-executors 1 --fraction 0.05 --executor-cores 2 --executor-memory 7 --driver-memory 1 --enable-stage-metrics --output /opt/spark/work-dir/results
============================================================

2025-11-11 21:01:15 - INFO - Logging to: /opt/spark/spark-events/fractal-rf-e7g-x1-f0.05_20251111_210115.log
2025-11-11 21:01:15 - INFO - Starting single training run
2025-11-11 21:01:15 - INFO - Creating Spark session: fractal-rf-e7g-x1-f0.05
2025-11-11 21:01:15 - INFO - Spark master: spark://spark-master:7077
2025-11-11 21:01:15 - INFO - Stage metrics enabled
2025-11-11 21:01:15 - INFO - Spark session created successfully : executors=1, cores=2, memory=7g, fraction=0.05
2025-11-11 21:01:15 - INFO - Loading datasets
2025-11-11 21:01:15 - INFO - Loading data from /opt/spark/work-dir/data/FRACTAL/train/ with fraction=0.05
2025-11-11 21:01:24 - INFO - Loading 4000/80000 files (5.0%)
2025-11-11 21:01:31 - INFO - Loaded 248515837 rows, final partitions: 103
2025-11-11 21:01:31 - INFO - Loading data from /opt/spark/work-dir/data/FRACTAL/val/ with fraction=0.05
2025-11-11 21:01:32 - INFO - Loading 500/10000 files (5.0%)
2025-11-11 21:01:33 - INFO - Loaded 29591154 rows, final partitions: 13
2025-11-11 21:01:33 - INFO - Loading data from /opt/spark/work-dir/data/FRACTAL/test/ with fraction=0.05
2025-11-11 21:01:34 - INFO - Loading 500/10000 files (5.0%)
2025-11-11 21:01:34 - INFO - Loaded 40674645 rows, final partitions: 15
2025-11-11 21:01:35 - INFO - Train: 248515837, Val: 29591154, Test: 40674645, Partitions: 103
2025-11-11 21:01:35 - INFO - Training model
2025-11-11 21:13:25 - INFO - Training completed: 709.47s
2025-11-11 21:15:11 - INFO - Validation accuracy: 0.8052
2025-11-11 21:17:32 - INFO - Test accuracy: 0.7905
2025-11-11 21:17:32 - INFO - Total time: 976.40s
2025-11-11 21:17:32 - INFO - Results saved to /opt/spark/work-dir/results/fractal-rf-e7g-x1-f0.05.json
2025-11-11 21:17:32 - INFO - Spark session stopped
