Command: /opt/spark/work-dir/scripts/train.py --master spark://spark-master:7077 --data /opt/spark/work-dir/data/FRACTAL --executor-cores 3 --num-executors 4 --executor-memory 7g --driver-memory 8g --fraction 0.0000001 --enable-stage-metrics
============================================================

2025-11-10 22:16:52 - INFO - Logging to: /opt/spark/spark-events/fractal-rf-e7g-x4-f1e-07_20251110_221652.log
2025-11-10 22:16:52 - INFO - Starting single training run
2025-11-10 22:16:52 - INFO - Creating Spark session: fractal-rf-e7g-x4-f1e-07
2025-11-10 22:16:52 - INFO - Spark master: spark://spark-master:7077
2025-11-10 22:16:52 - INFO - Stage metrics enabled
2025-11-10 22:16:53 - INFO - Spark session created successfully
2025-11-10 22:16:53 - INFO - Loading datasets
2025-11-10 22:16:53 - INFO - Loading data from /opt/spark/work-dir/data/FRACTAL/train/ with fraction=1e-07
2025-11-10 22:17:01 - INFO - Loading 1/80000 files (0.0%)
2025-11-10 22:17:04 - INFO - Loaded 31408 rows
2025-11-10 22:17:04 - INFO - Loading data from /opt/spark/work-dir/data/FRACTAL/val/ with fraction=1e-07
2025-11-10 22:17:05 - INFO - Loading 1/10000 files (0.0%)
2025-11-10 22:17:05 - INFO - Loaded 80164 rows
2025-11-10 22:17:05 - INFO - Loading data from /opt/spark/work-dir/data/FRACTAL/test/ with fraction=1e-07
2025-11-10 22:17:06 - INFO - Loading 1/10000 files (0.0%)
2025-11-10 22:17:06 - INFO - Loaded 107172 rows
2025-11-10 22:17:07 - INFO - Train: 31408, Val: 80164, Test: 107172
2025-11-10 22:17:07 - INFO - Training model
2025-11-10 22:17:26 - INFO - Training completed: 19.21s
2025-11-10 22:17:28 - INFO - Validation accuracy: 0.0002
2025-11-10 22:17:29 - INFO - Test accuracy: 0.2720
2025-11-10 22:17:29 - INFO - Total time: 36.41s
2025-11-10 22:17:29 - INFO - Results saved to results.json
2025-11-10 22:17:29 - INFO - Spark session stopped
