Command: /opt/spark/work-dir/scripts/train.py --master spark://spark-master:7077 --data /opt/spark/work-dir/data/FRACTAL --num-executors 2 --fraction 0.01 --executor-cores 2 --executor-memory 7 --driver-memory 1 --enable-stage-metrics --output /opt/spark/work-dir/results
============================================================

2025-11-11 17:06:10 - INFO - Logging to: /opt/spark/spark-events/fractal-rf-e7g-x2-f0.01_20251111_170610.log
2025-11-11 17:06:10 - INFO - Starting single training run
2025-11-11 17:06:10 - INFO - Creating Spark session: fractal-rf-e7g-x2-f0.01
2025-11-11 17:06:10 - INFO - Spark master: spark://spark-master:7077
2025-11-11 17:06:10 - INFO - Stage metrics enabled
2025-11-11 17:06:11 - INFO - Spark session created successfully : executors=2, cores=2, memory=7g, fraction=0.01
2025-11-11 17:06:11 - INFO - Loading datasets
2025-11-11 17:06:11 - INFO - Loading data from /opt/spark/work-dir/data/FRACTAL/train/ with fraction=0.01
2025-11-11 17:06:20 - INFO - Loading 800/80000 files (1.0%)
2025-11-11 17:06:25 - INFO - Loaded 59109292 rows
2025-11-11 17:06:25 - INFO - Loading data from /opt/spark/work-dir/data/FRACTAL/val/ with fraction=0.01
2025-11-11 17:06:26 - INFO - Loading 100/10000 files (1.0%)
2025-11-11 17:06:26 - INFO - Loaded 7015284 rows
2025-11-11 17:06:26 - INFO - Loading data from /opt/spark/work-dir/data/FRACTAL/test/ with fraction=0.01
2025-11-11 17:06:27 - INFO - Loading 100/10000 files (1.0%)
2025-11-11 17:06:28 - INFO - Loaded 11836835 rows
2025-11-11 17:06:28 - INFO - Train: 59109292, Val: 7015284, Test: 11836835, Partitions: 23
2025-11-11 17:06:28 - INFO - Training model
2025-11-11 17:09:27 - INFO - Training completed: 178.08s
2025-11-11 17:10:23 - INFO - Validation accuracy: 0.8094
2025-11-11 17:11:40 - INFO - Test accuracy: 0.7701
2025-11-11 17:11:40 - INFO - Total time: 329.46s
2025-11-11 17:11:40 - INFO - Results saved to /opt/spark/work-dir/results/fractal-rf-e7g-x2-f0.01.json
2025-11-11 17:11:40 - INFO - Spark session stopped
