Command: /opt/spark/work-dir/scripts/train.py --master spark://spark-master:7077 --data /opt/spark/work-dir/data/FRACTAL --num-executors 2 --fraction 0.05 --executor-cores 2 --executor-memory 7 --driver-memory 1 --enable-stage-metrics --output /opt/spark/work-dir/results
============================================================

2025-11-11 17:11:42 - INFO - Logging to: /opt/spark/spark-events/fractal-rf-e7g-x2-f0.05_20251111_171142.log
2025-11-11 17:11:42 - INFO - Starting single training run
2025-11-11 17:11:42 - INFO - Creating Spark session: fractal-rf-e7g-x2-f0.05
2025-11-11 17:11:42 - INFO - Spark master: spark://spark-master:7077
2025-11-11 17:11:42 - INFO - Stage metrics enabled
2025-11-11 17:11:43 - INFO - Spark session created successfully : executors=2, cores=2, memory=7g, fraction=0.05
2025-11-11 17:11:43 - INFO - Loading datasets
2025-11-11 17:11:43 - INFO - Loading data from /opt/spark/work-dir/data/FRACTAL/train/ with fraction=0.05
2025-11-11 17:11:52 - INFO - Loading 4000/80000 files (5.0%)
2025-11-11 17:11:59 - INFO - Loaded 248515837 rows
2025-11-11 17:11:59 - INFO - Loading data from /opt/spark/work-dir/data/FRACTAL/val/ with fraction=0.05
2025-11-11 17:12:00 - INFO - Loading 500/10000 files (5.0%)
2025-11-11 17:12:01 - INFO - Loaded 29591154 rows
2025-11-11 17:12:01 - INFO - Loading data from /opt/spark/work-dir/data/FRACTAL/test/ with fraction=0.05
2025-11-11 17:12:01 - INFO - Loading 500/10000 files (5.0%)
2025-11-11 17:12:02 - INFO - Loaded 40674645 rows
2025-11-11 17:12:03 - INFO - Train: 248515837, Val: 29591154, Test: 40674645, Partitions: 103
2025-11-11 17:12:03 - INFO - Training model
2025-11-11 17:23:53 - INFO - Training completed: 710.07s
2025-11-11 17:25:42 - INFO - Validation accuracy: 0.8052
2025-11-11 17:28:05 - INFO - Test accuracy: 0.7905
2025-11-11 17:28:05 - INFO - Total time: 982.23s
2025-11-11 17:28:05 - INFO - Results saved to /opt/spark/work-dir/results/fractal-rf-e7g-x2-f0.05.json
2025-11-11 17:28:05 - INFO - Spark session stopped
