Command: /opt/spark/work-dir/scripts/train.py --master spark://spark-master:7077 --data /opt/spark/work-dir/data/FRACTAL --executor-cores 3 --num-executors 4 --executor-memory 7g --driver-memory 8g --fraction 0.0000001 --enable-stage-metrics --output /opt/spark/work-dir/results
============================================================

2025-11-10 22:32:33 - INFO - Logging to: /opt/spark/spark-events/fractal-rf-e7g-x4-f1e-07_20251110_223233.log
2025-11-10 22:32:33 - INFO - Starting single training run
2025-11-10 22:32:33 - INFO - Creating Spark session: fractal-rf-e7g-x4-f1e-07
2025-11-10 22:32:33 - INFO - Spark master: spark://spark-master:7077
2025-11-10 22:32:33 - INFO - Stage metrics enabled
2025-11-10 22:32:34 - INFO - Spark session created successfully
2025-11-10 22:32:34 - INFO - Loading datasets
2025-11-10 22:32:34 - INFO - Loading data from /opt/spark/work-dir/data/FRACTAL/train/ with fraction=1e-07
2025-11-10 22:32:43 - INFO - Loading 1/80000 files (0.0%)
2025-11-10 22:32:45 - INFO - Loaded 31408 rows
2025-11-10 22:32:45 - INFO - Loading data from /opt/spark/work-dir/data/FRACTAL/val/ with fraction=1e-07
2025-11-10 22:32:46 - INFO - Loading 1/10000 files (0.0%)
2025-11-10 22:32:47 - INFO - Loaded 80164 rows
2025-11-10 22:32:47 - INFO - Loading data from /opt/spark/work-dir/data/FRACTAL/test/ with fraction=1e-07
2025-11-10 22:32:48 - INFO - Loading 1/10000 files (0.0%)
2025-11-10 22:32:48 - INFO - Loaded 107172 rows
2025-11-10 22:32:49 - INFO - Train: 31408, Val: 80164, Test: 107172
2025-11-10 22:32:49 - INFO - Training model
2025-11-10 22:33:09 - INFO - Training completed: 19.88s
2025-11-10 22:33:11 - INFO - Validation accuracy: 0.0002
2025-11-10 22:33:12 - INFO - Test accuracy: 0.2720
2025-11-10 22:33:12 - INFO - Total time: 38.02s
2025-11-10 22:33:12 - INFO - Results saved to /opt/spark/work-dir/results/fractal-rf-e7g-x4-f1e-07.json
2025-11-10 22:33:12 - INFO - Spark session stopped
